<?xml version="1.0" encoding="UTF-8"?>
<!-- Generated by org.testng.reporters.JUnitReportReporter -->
<testsuite hostname="DESKTOP-888A2JB" name="com.projectname.qa.TestCases.LoginTest" tests="1" failures="0" timestamp="9 Aug 2022 04:27:03 GMT" time="1.023" errors="0">
  <testcase name="FacbookLoginPageTest" time="1.023" classname="com.projectname.qa.TestCases.LoginTest"/>
</testsuite>
